{"name": "test_item_buy", "status": "broken", "statusDetails": {"message": "selenium.common.exceptions.NoSuchElementException: Message: no such element: Unable to locate element: {\"method\":\"css selector\",\"selector\":\"[id=\"termsofservice\"]\"}\n  (Session info: chrome=131.0.6778.110); For documentation on this error, please visit: https://www.selenium.dev/documentation/webdriver/troubleshooting/errors#no-such-element-exception\nStacktrace:\n\tGetHandleVerifier [0x00007FF63D896CC5+28821]\n\t(No symbol) [0x00007FF63D803850]\n\t(No symbol) [0x00007FF63D6A578A]\n\t(No symbol) [0x00007FF63D6F91BE]\n\t(No symbol) [0x00007FF63D6F94AC]\n\t(No symbol) [0x00007FF63D742647]\n\t(No symbol) [0x00007FF63D71F33F]\n\t(No symbol) [0x00007FF63D73F412]\n\t(No symbol) [0x00007FF63D71F0A3]\n\t(No symbol) [0x00007FF63D6EA778]\n\t(No symbol) [0x00007FF63D6EB8E1]\n\tGetHandleVerifier [0x00007FF63DBCFCCD+3408029]\n\tGetHandleVerifier [0x00007FF63DBE743F+3504143]\n\tGetHandleVerifier [0x00007FF63DBDB61D+3455469]\n\tGetHandleVerifier [0x00007FF63D95BDCB+835995]\n\t(No symbol) [0x00007FF63D80EB6F]\n\t(No symbol) [0x00007FF63D80A824]\n\t(No symbol) [0x00007FF63D80A9BD]\n\t(No symbol) [0x00007FF63D7FA1A9]\n\tBaseThreadInitThunk [0x00007FFFB8C2259D+29]\n\tRtlUserThreadStart [0x00007FFFB972AF38+40]", "trace": "self = <testcases.test_completeflow.TestCompleteFlow object at 0x0000029BA6A7DF30>\n\n    def test_item_buy(self):\n        bi = BuyItemLocators(self.driver)\n>       bi.buy_item(\"Build your own cheap computer\")\n\ntest_completeflow.py:22: \n_ _ _ _ _ _ _ _ _ _ _ _ _ _ _ _ _ _ _ _ _ _ _ _ _ _ _ _ _ _ _ _ _ _ _ _ _ _ _ _ _ _ _ _ _ _ _ _ _ _ _ _ _ _ _ _ _ _ _ _ _ _ _ _ _ _ _ _ _ _ _ _ _ _\n..\\pages\\buy_item_locators.py:54: in buy_item\n    self.term_Conditions()\n..\\pages\\buy_item_locators.py:43: in term_Conditions\n    self.driver.find_element(By.ID,self.term_Condition).click()\n..\\env\\Lib\\site-packages\\selenium\\webdriver\\remote\\webdriver.py:770: in find_element\n    return self.execute(Command.FIND_ELEMENT, {\"using\": by, \"value\": value})[\"value\"]\n..\\env\\Lib\\site-packages\\selenium\\webdriver\\remote\\webdriver.py:384: in execute\n    self.error_handler.check_response(response)\n_ _ _ _ _ _ _ _ _ _ _ _ _ _ _ _ _ _ _ _ _ _ _ _ _ _ _ _ _ _ _ _ _ _ _ _ _ _ _ _ _ _ _ _ _ _ _ _ _ _ _ _ _ _ _ _ _ _ _ _ _ _ _ _ _ _ _ _ _ _ _ _ _ _\n\nself = <selenium.webdriver.remote.errorhandler.ErrorHandler object at 0x0000029BA6AD63C0>\nresponse = {'status': 404, 'value': '{\"value\":{\"error\":\"no such element\",\"message\":\"no such element: Unable to locate element: {\\...07FF63D7FA1A9]\\\\n\\\\tBaseThreadInitThunk [0x00007FFFB8C2259D+29]\\\\n\\\\tRtlUserThreadStart [0x00007FFFB972AF38+40]\\\\n\"}}'}\n\n    def check_response(self, response: Dict[str, Any]) -> None:\n        \"\"\"Checks that a JSON response from the WebDriver does not have an\n        error.\n    \n        :Args:\n         - response - The JSON response from the WebDriver server as a dictionary\n           object.\n    \n        :Raises: If the response contains an error message.\n        \"\"\"\n        status = response.get(\"status\", None)\n        if not status or status == ErrorCode.SUCCESS:\n            return\n        value = None\n        message = response.get(\"message\", \"\")\n        screen: str = response.get(\"screen\", \"\")\n        stacktrace = None\n        if isinstance(status, int):\n            value_json = response.get(\"value\", None)\n            if value_json and isinstance(value_json, str):\n                import json\n    \n                try:\n                    value = json.loads(value_json)\n                    if len(value) == 1:\n                        value = value[\"value\"]\n                    status = value.get(\"error\", None)\n                    if not status:\n                        status = value.get(\"status\", ErrorCode.UNKNOWN_ERROR)\n                        message = value.get(\"value\") or value.get(\"message\")\n                        if not isinstance(message, str):\n                            value = message\n                            message = message.get(\"message\")\n                    else:\n                        message = value.get(\"message\", None)\n                except ValueError:\n                    pass\n    \n        exception_class: Type[WebDriverException]\n        e = ErrorCode()\n        error_codes = [item for item in dir(e) if not item.startswith(\"__\")]\n        for error_code in error_codes:\n            error_info = getattr(ErrorCode, error_code)\n            if isinstance(error_info, list) and status in error_info:\n                exception_class = getattr(ExceptionMapping, error_code, WebDriverException)\n                break\n        else:\n            exception_class = WebDriverException\n    \n        if not value:\n            value = response[\"value\"]\n        if isinstance(value, str):\n            raise exception_class(value)\n        if message == \"\" and \"message\" in value:\n            message = value[\"message\"]\n    \n        screen = None  # type: ignore[assignment]\n        if \"screen\" in value:\n            screen = value[\"screen\"]\n    \n        stacktrace = None\n        st_value = value.get(\"stackTrace\") or value.get(\"stacktrace\")\n        if st_value:\n            if isinstance(st_value, str):\n                stacktrace = st_value.split(\"\\n\")\n            else:\n                stacktrace = []\n                try:\n                    for frame in st_value:\n                        line = frame.get(\"lineNumber\", \"\")\n                        file = frame.get(\"fileName\", \"<anonymous>\")\n                        if line:\n                            file = f\"{file}:{line}\"\n                        meth = frame.get(\"methodName\", \"<anonymous>\")\n                        if \"className\" in frame:\n                            meth = f\"{frame['className']}.{meth}\"\n                        msg = \"    at %s (%s)\"\n                        msg = msg % (meth, file)\n                        stacktrace.append(msg)\n                except TypeError:\n                    pass\n        if exception_class == UnexpectedAlertPresentException:\n            alert_text = None\n            if \"data\" in value:\n                alert_text = value[\"data\"].get(\"text\")\n            elif \"alert\" in value:\n                alert_text = value[\"alert\"].get(\"text\")\n            raise exception_class(message, screen, stacktrace, alert_text)  # type: ignore[call-arg]  # mypy is not smart enough here\n>       raise exception_class(message, screen, stacktrace)\nE       selenium.common.exceptions.NoSuchElementException: Message: no such element: Unable to locate element: {\"method\":\"css selector\",\"selector\":\"[id=\"termsofservice\"]\"}\nE         (Session info: chrome=131.0.6778.110); For documentation on this error, please visit: https://www.selenium.dev/documentation/webdriver/troubleshooting/errors#no-such-element-exception\nE       Stacktrace:\nE       \tGetHandleVerifier [0x00007FF63D896CC5+28821]\nE       \t(No symbol) [0x00007FF63D803850]\nE       \t(No symbol) [0x00007FF63D6A578A]\nE       \t(No symbol) [0x00007FF63D6F91BE]\nE       \t(No symbol) [0x00007FF63D6F94AC]\nE       \t(No symbol) [0x00007FF63D742647]\nE       \t(No symbol) [0x00007FF63D71F33F]\nE       \t(No symbol) [0x00007FF63D73F412]\nE       \t(No symbol) [0x00007FF63D71F0A3]\nE       \t(No symbol) [0x00007FF63D6EA778]\nE       \t(No symbol) [0x00007FF63D6EB8E1]\nE       \tGetHandleVerifier [0x00007FF63DBCFCCD+3408029]\nE       \tGetHandleVerifier [0x00007FF63DBE743F+3504143]\nE       \tGetHandleVerifier [0x00007FF63DBDB61D+3455469]\nE       \tGetHandleVerifier [0x00007FF63D95BDCB+835995]\nE       \t(No symbol) [0x00007FF63D80EB6F]\nE       \t(No symbol) [0x00007FF63D80A824]\nE       \t(No symbol) [0x00007FF63D80A9BD]\nE       \t(No symbol) [0x00007FF63D7FA1A9]\nE       \tBaseThreadInitThunk [0x00007FFFB8C2259D+29]\nE       \tRtlUserThreadStart [0x00007FFFB972AF38+40]\n\n..\\env\\Lib\\site-packages\\selenium\\webdriver\\remote\\errorhandler.py:232: NoSuchElementException"}, "start": 1734113992215, "stop": 1734114006320, "uuid": "4f3a749b-c06d-43f3-9470-21dc686a45d9", "historyId": "813bc4140d7080966ab5963f77a51fdc", "testCaseId": "813bc4140d7080966ab5963f77a51fdc", "fullName": "test_completeflow.TestCompleteFlow#test_item_buy", "labels": [{"name": "tag", "value": "@pytest.mark.usefixtures('setUp')"}, {"name": "suite", "value": "test_completeflow"}, {"name": "subSuite", "value": "TestCompleteFlow"}, {"name": "host", "value": "IB-SEZ-LAP-1055"}, {"name": "thread", "value": "19536-MainThread"}, {"name": "framework", "value": "pytest"}, {"name": "language", "value": "cpython3"}, {"name": "package", "value": "test_completeflow"}]}